<?xml version="1.0" encoding="UTF-8"?>
<testng-results ignored="0" total="2" passed="2" failed="0" skipped="0">
  <reporter-output>
  </reporter-output>
  <suite started-at="2025-08-28T11:16:20 IST" name="Master Suite" finished-at="2025-08-28T11:16:43 IST" duration-ms="22191">
    <groups>
      <group name="Master">
        <method signature="AccountRegistrationTest.verify_Account_Registration()[pri:0, instance:testCases.AccountRegistrationTest@32c726ee]" name="verify_Account_Registration" class="testCases.AccountRegistrationTest"/>
        <method signature="LoginTest.verify_login()[pri:0, instance:testCases.LoginTest@2c4d1ac]" name="verify_login" class="testCases.LoginTest"/>
      </group> <!-- Master -->
      <group name="Sanity">
        <method signature="LoginTest.verify_login()[pri:0, instance:testCases.LoginTest@2c4d1ac]" name="verify_login" class="testCases.LoginTest"/>
      </group> <!-- Sanity -->
      <group name="Regression">
        <method signature="AccountRegistrationTest.verify_Account_Registration()[pri:0, instance:testCases.AccountRegistrationTest@32c726ee]" name="verify_Account_Registration" class="testCases.AccountRegistrationTest"/>
      </group> <!-- Regression -->
    </groups>
    <test started-at="2025-08-28T11:16:20 IST" name="Test" finished-at="2025-08-28T11:16:43 IST" duration-ms="22191">
      <class name="testCases.LoginTest">
        <test-method is-config="true" signature="setup(java.lang.String,java.lang.String)[pri:0, instance:testCases.LoginTest@2c4d1ac]" started-at="2025-08-28T11:16:37 IST" name="setup" finished-at="2025-08-28T11:16:39 IST" duration-ms="2190" status="PASS">
          <params>
            <param index="0">
              <value>
                <![CDATA[Windows]]>
              </value>
            </param>
            <param index="1">
              <value>
                <![CDATA[chrome]]>
              </value>
            </param>
          </params>
          <reporter-output>
          </reporter-output>
        </test-method> <!-- setup -->
        <test-method signature="verify_login()[pri:0, instance:testCases.LoginTest@2c4d1ac]" started-at="2025-08-28T11:16:39 IST" name="verify_login" finished-at="2025-08-28T11:16:42 IST" duration-ms="3586" status="PASS">
          <reporter-output>
          </reporter-output>
        </test-method> <!-- verify_login -->
        <test-method is-config="true" signature="tearDown()[pri:0, instance:testCases.LoginTest@2c4d1ac]" started-at="2025-08-28T11:16:42 IST" name="tearDown" finished-at="2025-08-28T11:16:43 IST" duration-ms="245" status="PASS">
          <reporter-output>
          </reporter-output>
        </test-method> <!-- tearDown -->
      </class> <!-- testCases.LoginTest -->
      <class name="testCases.AccountRegistrationTest">
        <test-method is-config="true" signature="setup(java.lang.String,java.lang.String)[pri:0, instance:testCases.AccountRegistrationTest@32c726ee]" started-at="2025-08-28T11:16:21 IST" name="setup" finished-at="2025-08-28T11:16:26 IST" duration-ms="5666" status="PASS">
          <params>
            <param index="0">
              <value>
                <![CDATA[Windows]]>
              </value>
            </param>
            <param index="1">
              <value>
                <![CDATA[chrome]]>
              </value>
            </param>
          </params>
          <reporter-output>
          </reporter-output>
        </test-method> <!-- setup -->
        <test-method signature="verify_Account_Registration()[pri:0, instance:testCases.AccountRegistrationTest@32c726ee]" started-at="2025-08-28T11:16:26 IST" name="verify_Account_Registration" finished-at="2025-08-28T11:16:36 IST" duration-ms="9798" status="PASS">
          <reporter-output>
          </reporter-output>
        </test-method> <!-- verify_Account_Registration -->
        <test-method is-config="true" signature="tearDown()[pri:0, instance:testCases.AccountRegistrationTest@32c726ee]" started-at="2025-08-28T11:16:36 IST" name="tearDown" finished-at="2025-08-28T11:16:37 IST" duration-ms="464" status="PASS">
          <reporter-output>
          </reporter-output>
        </test-method> <!-- tearDown -->
      </class> <!-- testCases.AccountRegistrationTest -->
    </test> <!-- Test -->
  </suite> <!-- Master Suite -->
</testng-results>
